This is pdfTeX, Version 3.141592653-2.6-1.40.25 (TeX Live 2023/Arch Linux) (preloaded format=pdflatex 2023.10.2)  24 OCT 2023 15:07
entering extended mode
 restricted \write18 enabled.
 %&-line parsing enabled.
**gyakanyag.tex
(./gyakanyag.tex
LaTeX2e <2022-11-01> patch level 1
L3 programming layer <2023-02-22>
(/usr/share/texmf-dist/tex/latex/base/article.cls
Document Class: article 2022/07/02 v1.4n Standard LaTeX document class
(/usr/share/texmf-dist/tex/latex/base/size12.clo
File: size12.clo 2022/07/02 v1.4n Standard LaTeX file (size option)
)
\c@part=\count185
\c@section=\count186
\c@subsection=\count187
\c@subsubsection=\count188
\c@paragraph=\count189
\c@subparagraph=\count190
\c@figure=\count191
\c@table=\count192
\abovecaptionskip=\skip48
\belowcaptionskip=\skip49
\bibindent=\dimen140
)
(/usr/share/texmf-dist/tex/generic/babel/babel.sty
Package: babel 2023/02/13 3.86 The Babel package
\babel@savecnt=\count193
\U@D=\dimen141
\l@unhyphenated=\language3

(/usr/share/texmf-dist/tex/generic/babel/txtbabel.def)
\bbl@readstream=\read2
\bbl@dirlevel=\count194

(/usr/share/texmf-dist/tex/generic/babel-hungarian/magyar.ldf
Language: magyar 2019/01/14 v1.5c Magyar (Hungarian) support for babel
Package babel Info: Making ` an active character on input line 2819.
\c@footnote@add=\count195
\c@footnote@ch=\count196
)
(/usr/share/texmf-dist/tex/generic/babel-english/english.ldf
Language: english 2017/06/06 v3.3r English support from the babel system
Package babel Info: Hyphen rules for 'british' set to \l@english
(babel)             (\language0). Reported on input line 82.
Package babel Info: Hyphen rules for 'UKenglish' set to \l@english
(babel)             (\language0). Reported on input line 83.
Package babel Info: Hyphen rules for 'canadian' set to \l@english
(babel)             (\language0). Reported on input line 102.
Package babel Info: Hyphen rules for 'australian' set to \l@english
(babel)             (\language0). Reported on input line 105.
Package babel Info: Hyphen rules for 'newzealand' set to \l@english
(babel)             (\language0). Reported on input line 108.
))
(/usr/share/texmf-dist/tex/generic/babel/locale/en/babel-english.tex
Package babel Info: Importing font and identification data for english
(babel)             from babel-en.ini. Reported on input line 11.
)
(/usr/share/texmf-dist/tex/generic/babel/locale/hu/babel-magyar.tex
Package babel Info: Importing font and identification data for magyar
(babel)             from babel-hu.ini. Reported on input line 11.
)
(/usr/share/texmf-dist/tex/latex/amsmath/amsmath.sty
Package: amsmath 2022/04/08 v2.17n AMS math features
\@mathmargin=\skip50

For additional information on amsmath, use the `?' option.
(/usr/share/texmf-dist/tex/latex/amsmath/amstext.sty
Package: amstext 2021/08/26 v2.01 AMS text

(/usr/share/texmf-dist/tex/latex/amsmath/amsgen.sty
File: amsgen.sty 1999/11/30 v2.0 generic functions
\@emptytoks=\toks16
\ex@=\dimen142
))
(/usr/share/texmf-dist/tex/latex/amsmath/amsbsy.sty
Package: amsbsy 1999/11/29 v1.2d Bold Symbols
\pmbraise@=\dimen143
)
(/usr/share/texmf-dist/tex/latex/amsmath/amsopn.sty
Package: amsopn 2022/04/08 v2.04 operator names
)
\inf@bad=\count197
LaTeX Info: Redefining \frac on input line 234.
\uproot@=\count198
\leftroot@=\count199
LaTeX Info: Redefining \overline on input line 399.
LaTeX Info: Redefining \colon on input line 410.
\classnum@=\count266
\DOTSCASE@=\count267
LaTeX Info: Redefining \ldots on input line 496.
LaTeX Info: Redefining \dots on input line 499.
LaTeX Info: Redefining \cdots on input line 620.
\Mathstrutbox@=\box51
\strutbox@=\box52
LaTeX Info: Redefining \big on input line 722.
LaTeX Info: Redefining \Big on input line 723.
LaTeX Info: Redefining \bigg on input line 724.
LaTeX Info: Redefining \Bigg on input line 725.
\big@size=\dimen144
LaTeX Font Info:    Redeclaring font encoding OML on input line 743.
LaTeX Font Info:    Redeclaring font encoding OMS on input line 744.
\macc@depth=\count268
LaTeX Info: Redefining \bmod on input line 905.
LaTeX Info: Redefining \pmod on input line 910.
LaTeX Info: Redefining \smash on input line 940.
LaTeX Info: Redefining \relbar on input line 970.
LaTeX Info: Redefining \Relbar on input line 971.
\c@MaxMatrixCols=\count269
\dotsspace@=\muskip16
\c@parentequation=\count270
\dspbrk@lvl=\count271
\tag@help=\toks17
\row@=\count272
\column@=\count273
\maxfields@=\count274
\andhelp@=\toks18
\eqnshift@=\dimen145
\alignsep@=\dimen146
\tagshift@=\dimen147
\tagwidth@=\dimen148
\totwidth@=\dimen149
\lineht@=\dimen150
\@envbody=\toks19
\multlinegap=\skip51
\multlinetaggap=\skip52
\mathdisplay@stack=\toks20
LaTeX Info: Redefining \[ on input line 2953.
LaTeX Info: Redefining \] on input line 2954.
)
(/usr/share/texmf-dist/tex/latex/amsfonts/amssymb.sty
Package: amssymb 2013/01/14 v3.01 AMS font symbols

(/usr/share/texmf-dist/tex/latex/amsfonts/amsfonts.sty
Package: amsfonts 2013/01/14 v3.01 Basic AMSFonts support
\symAMSa=\mathgroup4
\symAMSb=\mathgroup5
LaTeX Font Info:    Redeclaring math symbol \hbar on input line 98.
LaTeX Font Info:    Overwriting math alphabet `\mathfrak' in version `bold'
(Font)                  U/euf/m/n --> U/euf/b/n on input line 106.
))
(/usr/share/texmf-dist/tex/latex/cancel/cancel.sty
Package: cancel 2013/04/12 v2.2 Cancel math terms
)
(/usr/share/texmf-dist/tex/latex/base/inputenc.sty
Package: inputenc 2021/02/14 v1.3d Input encoding file
\inpenc@prehook=\toks21
\inpenc@posthook=\toks22
)
(/usr/share/texmf-dist/tex/latex/base/latexsym.sty
Package: latexsym 1998/08/17 v2.2e Standard LaTeX package (lasy symbols)
\symlasy=\mathgroup6
LaTeX Font Info:    Overwriting symbol font `lasy' in version `bold'
(Font)                  U/lasy/m/n --> U/lasy/b/n on input line 52.
)
(/usr/share/texmf-dist/tex/latex/multirow/multirow.sty
Package: multirow 2021/03/15 v2.8 Span multiple rows of a table
\multirow@colwidth=\skip53
\multirow@cntb=\count275
\multirow@dima=\skip54
\bigstrutjot=\dimen151
)
(/usr/share/texmf-dist/tex/latex/datenumber/datenumber.sty
Package: datenumber 2022/01/27v0.03

(/usr/share/texmf-dist/tex/latex/datenumber/datenumberUSenglish.ldf
File: datenumberUSenglish.ldf 
)
\c@@dayscnt=\count276
\c@@startyear=\count277
\c@datenumber=\count278
\c@dateyear=\count279
\c@datemonth=\count280
\c@dateday=\count281
\c@datedayname=\count282
\@nom=\count283
\@den=\count284
)
(/usr/share/texmf-dist/tex/latex/graphics/graphicx.sty
Package: graphicx 2021/09/16 v1.2d Enhanced LaTeX Graphics (DPC,SPQR)

(/usr/share/texmf-dist/tex/latex/graphics/keyval.sty
Package: keyval 2022/05/29 v1.15 key=value parser (DPC)
\KV@toks@=\toks23
)
(/usr/share/texmf-dist/tex/latex/graphics/graphics.sty
Package: graphics 2022/03/10 v1.4e Standard LaTeX Graphics (DPC,SPQR)

(/usr/share/texmf-dist/tex/latex/graphics/trig.sty
Package: trig 2021/08/11 v1.11 sin cos tan (DPC)
)
(/usr/share/texmf-dist/tex/latex/graphics-cfg/graphics.cfg
File: graphics.cfg 2016/06/04 v1.11 sample graphics configuration
)
Package graphics Info: Driver file: pdftex.def on input line 107.

(/usr/share/texmf-dist/tex/latex/graphics-def/pdftex.def
File: pdftex.def 2022/09/22 v1.2b Graphics/color driver for pdftex
))
\Gin@req@height=\dimen152
\Gin@req@width=\dimen153
)
(/usr/share/texmf-dist/tex/latex/geometry/geometry.sty
Package: geometry 2020/01/02 v5.9 Page Geometry

(/usr/share/texmf-dist/tex/generic/iftex/ifvtex.sty
Package: ifvtex 2019/10/25 v1.7 ifvtex legacy package. Use iftex instead.

(/usr/share/texmf-dist/tex/generic/iftex/iftex.sty
Package: iftex 2022/02/03 v1.0f TeX engine tests
))
\Gm@cnth=\count285
\Gm@cntv=\count286
\c@Gm@tempcnt=\count287
\Gm@bindingoffset=\dimen154
\Gm@wd@mp=\dimen155
\Gm@odd@mp=\dimen156
\Gm@even@mp=\dimen157
\Gm@layoutwidth=\dimen158
\Gm@layoutheight=\dimen159
\Gm@layouthoffset=\dimen160
\Gm@layoutvoffset=\dimen161
\Gm@dimlist=\toks24
)
(/usr/share/texmf-dist/tex/latex/l3backend/l3backend-pdftex.def
File: l3backend-pdftex.def 2023-01-16 L3 backend support: PDF output (pdfTeX)
\l__color_backend_stack_int=\count288
\l__pdf_internal_box=\box53
)
(./gyakanyag.aux)
\openout1 = `gyakanyag.aux'.

LaTeX Font Info:    Checking defaults for OML/cmm/m/it on input line 19.
LaTeX Font Info:    ... okay on input line 19.
LaTeX Font Info:    Checking defaults for OMS/cmsy/m/n on input line 19.
LaTeX Font Info:    ... okay on input line 19.
LaTeX Font Info:    Checking defaults for OT1/cmr/m/n on input line 19.
LaTeX Font Info:    ... okay on input line 19.
LaTeX Font Info:    Checking defaults for T1/cmr/m/n on input line 19.
LaTeX Font Info:    ... okay on input line 19.
LaTeX Font Info:    Checking defaults for TS1/cmr/m/n on input line 19.
LaTeX Font Info:    ... okay on input line 19.
LaTeX Font Info:    Checking defaults for OMX/cmex/m/n on input line 19.
LaTeX Font Info:    ... okay on input line 19.
LaTeX Font Info:    Checking defaults for U/cmr/m/n on input line 19.
LaTeX Font Info:    ... okay on input line 19.


Package magyar.ldf Warning: All Hungarian hyphenation= patterns missing.
(magyar.ldf)                To make LaTeX hyphenate Hungarian words, please
(magyar.ldf)                modify language.dat and rerun initex or texconfig.


LaTeX Warning: Please use \usepackage{t1enc} with
               \usepackage[magyar]{babel}, to get accented chars hyphenated.

(/usr/share/texmf-dist/tex/context/base/mkii/supp-pdf.mkii
[Loading MPS to PDF converter (version 2006.09.02).]
\scratchcounter=\count289
\scratchdimen=\dimen162
\scratchbox=\box54
\nofMPsegments=\count290
\nofMParguments=\count291
\everyMPshowfont=\toks25
\MPscratchCnt=\count292
\MPscratchDim=\dimen163
\MPnumerator=\count293
\makeMPintoPDFobject=\count294
\everyMPtoPDFconversion=\toks26
) (/usr/share/texmf-dist/tex/latex/epstopdf-pkg/epstopdf-base.sty
Package: epstopdf-base 2020-01-24 v2.11 Base part for package epstopdf
Package epstopdf-base Info: Redefining graphics rule for `.eps' on input line 4
85.

(/usr/share/texmf-dist/tex/latex/latexconfig/epstopdf-sys.cfg
File: epstopdf-sys.cfg 2010/07/13 v1.3 Configuration of (r)epstopdf for TeX Liv
e
))
*geometry* driver: auto-detecting
*geometry* detected driver: pdftex
*geometry* verbose mode - [ preamble ] result:
* driver: pdftex
* paper: a4paper
* layout: <same size as paper>
* layoutoffset:(h,v)=(0.0pt,0.0pt)
* modes: 
* h-part:(L,W,R)=(56.9055pt, 483.69687pt, 56.9055pt)
* v-part:(T,H,B)=(28.45274pt, 773.91498pt, 42.67912pt)
* \paperwidth=597.50787pt
* \paperheight=845.04684pt
* \textwidth=483.69687pt
* \textheight=773.91498pt
* \oddsidemargin=-15.36449pt
* \evensidemargin=-15.36449pt
* \topmargin=-80.81725pt
* \headheight=12.0pt
* \headsep=25.0pt
* \topskip=12.0pt
* \footskip=30.0pt
* \marginparwidth=35.0pt
* \marginparsep=10.0pt
* \columnsep=10.0pt
* \skip\footins=10.8pt plus 4.0pt minus 2.0pt
* \hoffset=0.0pt
* \voffset=0.0pt
* \mag=1000
* \@twocolumnfalse
* \@twosidefalse
* \@mparswitchfalse
* \@reversemarginfalse
* (1in=72.27pt=25.4mm, 1cm=28.453pt)

(/usr/share/texmf-dist/tex/latex/base/article.cls
LaTeX Info: Redefining \cal on input line 497.
LaTeX Info: Redefining \mit on input line 498.
)
LaTeX Font Info:    Trying to load font information for U+msa on input line 20.


(/usr/share/texmf-dist/tex/latex/amsfonts/umsa.fd
File: umsa.fd 2013/01/14 v3.01 AMS symbols A
)
LaTeX Font Info:    Trying to load font information for U+msb on input line 20.


(/usr/share/texmf-dist/tex/latex/amsfonts/umsb.fd
File: umsb.fd 2013/01/14 v3.01 AMS symbols B
)
LaTeX Font Info:    Trying to load font information for U+lasy on input line 20
.

(/usr/share/texmf-dist/tex/latex/base/ulasy.fd
File: ulasy.fd 1998/08/17 v2.2e LaTeX symbol font definitions
) (./gyakanyag.toc)
\tf@toc=\write3
\openout3 = `gyakanyag.toc'.


Overfull \hbox (27.42282pt too wide) in paragraph at lines 40--41
\OT1/cmr/m/n/12 egy alapt}ok^^Sevel, amely ele-gend}o t^^?obb lehets^^Seges lak
^^Sas (al-ter-nat^^S^^Pv^^Sak) k^^?oz^^?ul egy lak^^Sas megv^^Sas^^Sarl^^Sas^^S
ahoz.
 []


Overfull \hbox (7.2522pt too wide) in paragraph at lines 40--41
\OT1/cmr/m/n/12 piac, koc-sma, sz^^Sorakoz^^Sohely), parkol^^Sasi, bi-cik-lit^^
Sarol^^Sasi, megk^^?ozel^^S^^Pthet}os^^Segi lehet}os^^Segek, a lak^^Sasb^^Sol
 []


Overfull \hbox (0.48041pt too wide) in paragraph at lines 55--56
 \OT1/cmr/bx/n/12 Al-ter-nat^^S^^Pv^^Sak:[] \OT1/cmr/m/n/12 egy d^^?ont^^Sesi s
z-itu^^Saci^^So lehets^^Seges megold^^Sasa, lehets^^Seges cse-lekv^^Sesek. Ezek
 struk-
 []

[1


{/var/lib/texmf/fonts/map/pdftex/updmap/pdftex.map}{/usr/share/texmf-dist/fonts
/enc/dvips/cm-super/cm-super-ts1.enc}]
Overfull \hbox (1.23224pt too wide) in paragraph at lines 57--58
 \OT1/cmr/bx/n/12 Krit^^Seriumok:[] \OT1/cmr/m/n/12 az al-ter-nat^^S^^Pv^^Sak a
zon jellemz}oi, ame-lyeket fi-gyelembe sz-eretn^^Senk venni a d^^?ont^^Sesi
 []


Overfull \hbox (6.79526pt too wide) in paragraph at lines 72--73
[]\OT1/cmr/m/n/12 az es-etek d^^?ont}o t^^?obbs^^Seg^^Seben neh^^Sez (s}ot lehe
tetlen) a d^^?ont^^Sesi probl^^Sem^^Sat egyetlen c^^Self^^?uggv^^Seny
 []


Overfull \hbox (19.02638pt too wide) in paragraph at lines 75--76
  \OT1/cmr/bx/n/12 Egy p^^Selda fe-la-dat: [] \OT1/cmr/m/n/12 T^^?obbf^^Sele te
rm^^Sek el}o^^Sall^^S^^Pt^^Sas^^Sanak men-nyis^^Seg^^Ser}ol kell d^^?onten^^?un
k. D^^?ont^^Ses^^?unket
 []


Overfull \hbox (46.09207pt too wide) in paragraph at lines 75--76
\OT1/cmr/m/n/12 els}osorban a korl^^Satozottan ren-delkez^^Ses^^?unkre ^^Sall^^
So er}oforr^^Sasok (nyersanyag-, munkaer}o- ^^Ses k^^?olts^^Segkorl^^Satok),
 []

[2]
Overfull \hbox (13.19241pt too wide) in paragraph at lines 83--84
\OT1/cmr/m/n/12 az al-ter-nat^^S^^Pv^^Sat (megold^^Sast) v^^Salasztjuk, ami ehh
ez a legk^^?ozelebb van (mi a t^^Savols^^Sagf^^?uggv^^Seny?) 
 []


Overfull \hbox (12.03502pt too wide) in paragraph at lines 103--104
\OT1/cmr/m/n/12 C^^Selja a d^^?ont^^Sesi folya-mat au-tom-a-tiz^^Sal^^Sasa, d^^
?ont^^Sesi fe-la-dat megold^^Sas^^Sanak a seg^^S^^Pt^^Sese. Hagyom^^Sanyosan
 []

[3]
Overfull \hbox (27.31866pt too wide) in paragraph at lines 109--110
[]\OT1/cmr/m/n/12 Kooperat^^S^^Pv DSS: a d^^?ont^^Sesi folya-mat k^^?ozben is l
ehet}os^^Seg van az egyes param^^Seterek m^^Sodos^^S^^Pt^^Sas^^Sara,
 []


Overfull \hbox (11.2341pt too wide) in paragraph at lines 147--148
\OT1/cmr/m/n/12 krit^^Seriumaink k^^?oz^^?ul el-hag-yni azokat, ame-lyek kev^^S
esb^^Se fontos szem-pon-tok, ^^S^^Pgy v^^Seg^^?ul a vizsg^^Salataink
 []

[4] [5]
Overfull \hbox (8.44492pt too wide) in paragraph at lines 189--189
[]\OT1/cmr/bx/n/17.28 Elemi d^^?ont^^Sesi m^^Sodszerek (de-ter-min-isztikus mod
-ellekre) 
 []


Overfull \hbox (1.85187pt too wide) in paragraph at lines 200--201
 \OT1/cmr/bx/n/12 Szub-jekt^^S^^Pv ^^Sert^^Sekel^^Sesek sz^^Samszer}us^^S^^Pt^^
Sese:[] \OT1/cmr/m/n/12 Ezt majd r^^Seszletesen fogjuk vizsg^^Salni az ^^Sert^^
Sekel}o-
 []

[6] [7]
Overfull \hbox (0.18932pt too wide) in paragraph at lines 286--287
\OT1/cmr/m/n/12 d^^?ont^^Seshoz^^So. Ezek alapj^^San kisz^^Samoljuk az egyes al
-ter-nat^^S^^Pv^^Sakhoz kapc-sol^^Sod^^So s^^Sulyozott ^^?osszegeket.
 []


Overfull \hbox (14.88416pt too wide) in paragraph at lines 291--292
[]\OT1/cmr/m/n/12 A sk^^Sal^^Sak meghat^^Saroz^^Sas^^Sanak neh^^Sezs^^Seg^^Sere
 ^^Ses az egyes krit^^Seriumok ^^Sert^^Sekeinek becsl^^Ses^^Sere megold^^Sas:
 []

[8]
Overfull \hbox (4.11618pt too wide) in paragraph at lines 329--330
\OT1/cmr/m/n/10.95 v^^Seges sok oszt^^Salyba sorol-hat^^Soak. En-nek a k^^?ovet
kezm^^Senye, hogy a term^^Seszetes sz^^Samokat fel-haszn^^Salhatjuk
 []

[9] [10]
Overfull \hbox (1.96107pt too wide) in paragraph at lines 464--465
 \OT1/cmr/bx/n/12 K^^?olcs^^?on^^?os pref-er-en-cia f^^?uggetlens^^Seg: [] \OT1
/cmr/m/n/10.95 ez az el}oz}o defin^^S^^Pci^^Soval szem-ben a tel-jes t^^Senyez}
ohalmazra
 []


Overfull \hbox (10.45471pt too wide) in paragraph at lines 503--504
\OT1/cmr/m/n/10.95 mert azok-ban az es-etek-ben ez \OT1/cmr/bx/n/10.95 p^^Saron
k^^Sent tel-jes^^S^^Pti az egyszer}us^^S^^Pt^^Sesi felt^^Setelt, ami pedig gara
nt^^Salja
 []

[11] [12]
Overfull \hbox (29.2324pt too wide) in paragraph at lines 574--575
[]\OT1/cmr/m/n/10.95 A mul-ti-p-likat^^S^^Pv alak l^^Setez^^Ses^^Sehez (kett}on
^^Sel nagy-obb di-menzi^^Sos es-et-ben) a k^^?olcs^^?on^^?os pref-er-en-ciaf^^?
uggetlens^^Seg
 []

[13]
Overfull \hbox (21.72969pt too wide) in paragraph at lines 622--623
[]\OT1/cmr/m/n/10.95 K^^?olcs^^?on^^?os gyenge dif-fer-en-ciaf^^?uggetlens^^Seg
 ^^Ses krit^^Seriump^^Sarokra n^^Sezve k^^?olcs^^?on^^?os pref-er-en-ciaf^^?ugg
etlens^^Seg
 []

[14]
Package epstopdf Info: Source file: <valuesample.eps>
(epstopdf)                    date: 2021-11-26 07:28:44
(epstopdf)                    size: 23959 bytes
(epstopdf)             Output file: <valuesample-eps-converted-to.pdf>
(epstopdf)                    date: 2021-11-26 07:28:44
(epstopdf)                    size: 10033 bytes
(epstopdf)             Command: <repstopdf --outfile=valuesample-eps-converted-
to.pdf valuesample.eps>
(epstopdf)             \includegraphics on input line 663.
Package epstopdf Info: Output file is already uptodate.
<valuesample-eps-converted-to.pdf, id=66, 225.84375pt x 178.6675pt>
File: valuesample-eps-converted-to.pdf Graphic file (type pdf)
<use valuesample-eps-converted-to.pdf>
Package pdftex.def Info: valuesample-eps-converted-to.pdf  used on input line 6
63.
(pdftex.def)             Requested size: 158.08954pt x 125.06639pt.

Overfull \hbox (10.2529pt too wide) in paragraph at lines 669--669
[]\OT1/cmr/bx/n/17.28 D^^?ont^^Ses bi-zony-ta-lans^^Sag mel-let (sz-tochasztiku
s mod-ellek) 
 []

[15 <./valuesample-eps-converted-to.pdf>]
Overfull \hbox (15.15062pt too wide) in paragraph at lines 695--696
[]\OT1/cmr/m/n/10.95 Ezeket ^^?osszegezve az infl^^Saci^^So lehets^^Seges alaku
l^^Sasa mel-lett az ^^Seves bev^^Seteleink a be-fek-tet^^Ses sz^^Sazal^^Sek^^Sa
ban: 
 []


Overfull \hbox (10.08499pt too wide) in paragraph at lines 779--780
[]\OT1/cmr/m/n/10.95 De p^^Senz^^Sert^^Sek alapj^^San ezen enyh^^S^^Pteni szok-
tak $\OMS/cmsy/m/n/10.95 !$ \OT1/cmr/m/n/10.95 op-ti-miz-mus egy^^?utthat^^So: 
\OT1/cmr/m/it/10.95 Hurwick-f^^Sele $\OML/cmm/m/it/10.95 $\OT1/cmr/m/n/10.95 ,
 a d^^?ont^^Seshoz^^So
 []

[16]
Overfull \hbox (27.91226pt too wide) in paragraph at lines 800--801
\OT1/cmr/m/n/10.95 Kisz^^Samoljuk az ^^Sallapotok becs^^?ult val^^Sosz^^S^^Pn}u
s^^Segekkel s^^Sulyozott ^^?osszegeit ^^Ses kiv^^Salasztjuk k^^?oz^^?ul^^?uk a 
maxim^^Salisat. 
 []

[17] [18] [19]
Package epstopdf Info: Source file: <dectree01.eps>
(epstopdf)                    date: 2021-11-26 07:28:44
(epstopdf)                    size: 158419 bytes
(epstopdf)             Output file: <dectree01-eps-converted-to.pdf>
(epstopdf)                    date: 2021-11-26 07:28:44
(epstopdf)                    size: 68105 bytes
(epstopdf)             Command: <repstopdf --outfile=dectree01-eps-converted-to
.pdf dectree01.eps>
(epstopdf)             \includegraphics on input line 970.
Package epstopdf Info: Output file is already uptodate.
<dectree01-eps-converted-to.pdf, id=88, 630.355pt x 654.445pt>
File: dectree01-eps-converted-to.pdf Graphic file (type pdf)
<use dectree01-eps-converted-to.pdf>
Package pdftex.def Info: dectree01-eps-converted-to.pdf  used on input line 970
.
(pdftex.def)             Requested size: 441.24548pt x 458.10838pt.
 [20 <./dectree01-eps-converted-to.pdf>]
Package epstopdf Info: Source file: <dectree05.eps>
(epstopdf)                    date: 2023-10-24 15:03:21
(epstopdf)                    size: 189437 bytes
(epstopdf)             Output file: <dectree05-eps-converted-to.pdf>
(epstopdf)                    date: 2023-10-24 15:07:05
(epstopdf)                    size: 66674 bytes
(epstopdf)             Command: <repstopdf --outfile=dectree05-eps-converted-to
.pdf dectree05.eps>
(epstopdf)             \includegraphics on input line 993.
Package epstopdf Info: Output file is already uptodate.
<dectree05-eps-converted-to.pdf, id=95, 746.79pt x 615.29875pt>
File: dectree05-eps-converted-to.pdf Graphic file (type pdf)
<use dectree05-eps-converted-to.pdf>
Package pdftex.def Info: dectree05-eps-converted-to.pdf  used on input line 993
.
(pdftex.def)             Requested size: 522.74942pt x 430.70618pt.

Overfull \hbox (39.05255pt too wide) in paragraph at lines 993--994
 [] 
 []


Overfull \hbox (5.04689pt too wide) in paragraph at lines 997--997
[]\OT1/cmr/bx/n/17.28 Multi-attribute util-ity the-ory --- Hasznoss^^Sag f^^?ug
gv^^Seny 
 []


Overfull \hbox (3.21378pt too wide) in paragraph at lines 1000--1001
\OT1/cmr/m/n/10.95 min-den d^^?ont^^Seshoz^^So megpr^^Sob^^Sal op-ti-maliz^^Sal
ni egy olyan f^^?uggv^^Senyt, amely ag-greg^^Salja az ^^?osszes v^^Selem^^Seny^
^Set
 []

[21 <./dectree05-eps-converted-to.pdf>] [22] [23]
Overfull \hbox (9.26938pt too wide) in paragraph at lines 1170--1171
 \OT1/cmr/bx/n/12 A felt^^Setelekb}ol megkon-stru^^Salhat^^So a hasznoss^^Sagf^
^?uggv^^Seny: [] \OT1/cmr/m/n/10.95 Az els}o felt^^Setelnek k^^?osz^^?onhet}oen

 []

[24]
Overfull \hbox (11.30821pt too wide) in paragraph at lines 1215--1216
[]\OT1/cmr/m/n/10.95 Ism^^Setelj^^?uk min-den is-mert kimenetelre ($\OML/cmm/m/
it/10.95 c[]$\OT1/cmr/m/n/10.95 ): vegy^^?uk az adott kimenetelt bi-zonyoss^^Sa
gi egyen^^Sert^^Sekk^^Sent
 []

[25]
Overfull \hbox (21.35643pt too wide) in paragraph at lines 1236--1237
[]\OT1/cmr/bx/n/10.95 A d^^?ont^^Seshoz^^Soval t^^?ort^^Sent egyeztet^^Ses, dia
l^^Sogus sor^^San keletkez}o v^^Salaszok fogj^^Sak meghat^^Sarozni
 []

Package epstopdf Info: Source file: <utilmake.eps>
(epstopdf)                    date: 2021-11-26 07:28:44
(epstopdf)                    size: 43534 bytes
(epstopdf)             Output file: <utilmake-eps-converted-to.pdf>
(epstopdf)                    date: 2021-11-26 07:28:44
(epstopdf)                    size: 18044 bytes
(epstopdf)             Command: <repstopdf --outfile=utilmake-eps-converted-to.
pdf utilmake.eps>
(epstopdf)             \includegraphics on input line 1240.
Package epstopdf Info: Output file is already uptodate.
<utilmake-eps-converted-to.pdf, id=116, 394.47375pt x 320.19624pt>
File: utilmake-eps-converted-to.pdf Graphic file (type pdf)
<use utilmake-eps-converted-to.pdf>
Package pdftex.def Info: utilmake-eps-converted-to.pdf  used on input line 1240
.
(pdftex.def)             Requested size: 276.12973pt x 224.13583pt.
[26 <./utilmake-eps-converted-to.pdf>]
Package epstopdf Info: Source file: <kockazat.eps>
(epstopdf)                    date: 2021-11-26 07:28:44
(epstopdf)                    size: 38532 bytes
(epstopdf)             Output file: <kockazat-eps-converted-to.pdf>
(epstopdf)                    date: 2021-11-26 07:28:44
(epstopdf)                    size: 18795 bytes
(epstopdf)             Command: <repstopdf --outfile=kockazat-eps-converted-to.
pdf kockazat.eps>
(epstopdf)             \includegraphics on input line 1326.
Package epstopdf Info: Output file is already uptodate.
<kockazat-eps-converted-to.pdf, id=123, 345.29pt x 270.00874pt>
File: kockazat-eps-converted-to.pdf Graphic file (type pdf)
<use kockazat-eps-converted-to.pdf>
Package pdftex.def Info: kockazat-eps-converted-to.pdf  used on input line 1326
.
(pdftex.def)             Requested size: 241.70134pt x 189.00482pt.
 [27 <./kockazat-eps-converted-to.pdf>]
Overfull \hbox (10.11833pt too wide) in paragraph at lines 1339--1340
\OT1/cmr/m/n/10.95 T^^?obbt^^Senyez}os hasznoss^^Sag f^^?uggv^^Seny az ^^Sert^^
Sekel}o f^^?uggv^^Senyhez ha-sonl^^Soan a dekom-poz^^S^^Pci^^Sos alakok vizsg^^
Salat^^Sat
 []


Overfull \hbox (17.41377pt too wide) in paragraph at lines 1347--1348
 []\OT1/cmr/bx/n/12 Ert^^Sekf^^?uggetlens^^Seg[] \OT1/cmr/m/n/10.95 Legyen $\OM
L/cmm/m/it/10.95 T \OT1/cmr/m/n/10.95 = (\OML/cmm/m/it/10.95 X[]; :::; X[]\OT1/
cmr/m/n/10.95 )$ t^^Senyez}ohalmaz. $\OML/cmm/m/it/10.95 T$ \OT1/cmr/m/n/10.95 
t^^Senyez}or^^Seszhalmazai \OT1/cmr/m/it/10.95 ^^Sert^^Sek-f^^?uggetlenek
 []

[28]

LaTeX Warning: Reference `multiq' on page 29 undefined on input line 1435.

[29]
Overfull \hbox (15.61588pt too wide) in paragraph at lines 1464--1465
[]\OT1/cmr/m/n/10.95 Az ^^?osszetev}o egy-di-menzi^^Sos ^^Sert^^Sekel}o f^^?ugg
v^^Senyek megkon-stru^^Sal^^Sasa, bi-zonyoss^^Sagi egyen^^Sert^^Sekes m^^Sodsze
r
 []

[30] (./gyakanyag.aux)

LaTeX Warning: There were undefined references.


LaTeX Warning: Label(s) may have changed. Rerun to get cross-references right.

 ) 
Here is how much of TeX's memory you used:
 5590 strings out of 477985
 92154 string characters out of 5840058
 1872388 words of memory out of 5000000
 25700 multiletter control sequences out of 15000+600000
 525640 words of font info for 86 fonts, out of 8000000 for 9000
 14 hyphenation exceptions out of 8191
 57i,27n,62p,1285b,343s stack positions out of 10000i,1000n,20000p,200000b,200000s
</usr/share/texmf-dist/fonts/type1/public/amsfonts/cm/cmbx10.pfb></usr/share/
texmf-dist/fonts/type1/public/amsfonts/cm/cmbx12.pfb></usr/share/texmf-dist/fon
ts/type1/public/amsfonts/cm/cmex10.pfb></usr/share/texmf-dist/fonts/type1/publi
c/amsfonts/cm/cmmi10.pfb></usr/share/texmf-dist/fonts/type1/public/amsfonts/cm/
cmmi12.pfb></usr/share/texmf-dist/fonts/type1/public/amsfonts/cm/cmmi6.pfb></us
r/share/texmf-dist/fonts/type1/public/amsfonts/cm/cmmi8.pfb></usr/share/texmf-d
ist/fonts/type1/public/amsfonts/cm/cmr10.pfb></usr/share/texmf-dist/fonts/type1
/public/amsfonts/cm/cmr12.pfb></usr/share/texmf-dist/fonts/type1/public/amsfont
s/cm/cmr17.pfb></usr/share/texmf-dist/fonts/type1/public/amsfonts/cm/cmr6.pfb><
/usr/share/texmf-dist/fonts/type1/public/amsfonts/cm/cmr8.pfb></usr/share/texmf
-dist/fonts/type1/public/amsfonts/cm/cmsy10.pfb></usr/share/texmf-dist/fonts/ty
pe1/public/amsfonts/cm/cmsy6.pfb></usr/share/texmf-dist/fonts/type1/public/amsf
onts/cm/cmsy8.pfb></usr/share/texmf-dist/fonts/type1/public/amsfonts/cm/cmti10.
pfb></usr/share/texmf-dist/fonts/type1/public/amsfonts/cm/cmti12.pfb></usr/shar
e/texmf-dist/fonts/type1/public/amsfonts/latxfont/line10.pfb></usr/share/texmf-
dist/fonts/type1/public/amsfonts/symbols/msbm10.pfb></usr/share/texmf-dist/font
s/type1/public/cm-super/sfrm1095.pfb></usr/share/texmf-dist/fonts/type1/public/
cm-super/sfrm1200.pfb>
Output written on gyakanyag.pdf (30 pages, 518727 bytes).
PDF statistics:
 228 PDF objects out of 1000 (max. 8388607)
 142 compressed objects within 2 object streams
 0 named destinations out of 1000 (max. 500000)
 26 words of extra memory for PDF output out of 10000 (max. 10000000)

